<?xml version="1.0" encoding="UTF-8"?>
<!-- Generated by org.testng.reporters.JUnitReportReporter -->
<testsuite hostname="DESKTOP-K8HJ363" failures="0" tests="2" name="training.Extent_report" time="19.771" errors="0" timestamp="14 Jun 2021 11:51:21 GMT" skipped="0">
  <testcase classname="training.Extent_report" name="titleverification_Test" time="0.040"/>
  <testcase classname="training.Extent_report" name="login" time="19.731"/>
</testsuite> <!-- training.Extent_report -->
