<?xml version="1.0" encoding="UTF-8"?>
<!-- Generated by org.testng.reporters.JUnitReportReporter -->
<testsuite hostname="DESKTOP-K8HJ363" failures="0" tests="2" name="training.priority" time="0.019" errors="0" timestamp="11 Jun 2021 10:38:57 GMT" skipped="0">
  <testcase classname="training.priority" name="a_method" time="0.018"/>
  <testcase classname="training.priority" name="b_method" time="0.001"/>
</testsuite> <!-- training.priority -->
