<?xml version="1.0" encoding="UTF-8"?>
<!-- Generated by org.testng.reporters.JUnitReportReporter -->
<testsuite hostname="DESKTOP-K8HJ363" failures="0" tests="1" name="training.annotation" time="0.013" errors="0" timestamp="05 Aug 2021 19:24:00 GMT" skipped="0">
  <testcase classname="training.annotation" name="testCase1" time="0.013"/>
</testsuite> <!-- training.annotation -->
