<?xml version="1.0" encoding="UTF-8"?>
<!-- Generated by org.testng.reporters.JUnitReportReporter -->
<testsuite hostname="DESKTOP-K8HJ363" failures="0" tests="2" name="training.Ignore$module1" time="0.018" errors="0" timestamp="07 Jun 2021 11:36:31 GMT" skipped="1">
  <testcase classname="training.Ignore$module1" name="test2" time="0.018"/>
  <testcase classname="training.Ignore$module1" name="test1">
    <skipped/>
  </testcase> <!-- test1 -->
</testsuite> <!-- training.Ignore$module1 -->
