<?xml version="1.0" encoding="UTF-8"?>
<!-- Generated by org.testng.reporters.JUnitReportReporter -->
<testsuite hostname="DESKTOP-K8HJ363" failures="0" tests="2" name="training.parameters" time="0.039" errors="0" timestamp="11 May 2021 10:52:56 GMT" skipped="0">
  <testcase classname="training.parameters" name="Sum" time="0.037"/>
  <testcase classname="training.parameters" name="Diff" time="0.002"/>
</testsuite> <!-- training.parameters -->
