<?xml version="1.0" encoding="UTF-8"?>
<!-- Generated by org.testng.reporters.JUnitReportReporter -->
<testsuite hostname="DESKTOP-K8HJ363" failures="0" tests="2" name="training.parameters_testlevel" time="0.019" errors="0" timestamp="25 Sep 2021 08:15:15 GMT" skipped="0">
  <testcase classname="training.parameters_testlevel" name="Sum" time="0.017"/>
  <testcase classname="training.parameters_testlevel" name="Diff" time="0.002"/>
</testsuite> <!-- training.parameters_testlevel -->
