<?xml version="1.0" encoding="UTF-8"?>
<!-- Generated by org.testng.reporters.JUnitReportReporter -->
<testsuite hostname="DESKTOP-K8HJ363" failures="0" tests="1" name="training.parameters_suitelevel" time="0.006" errors="0" timestamp="25 Sep 2021 08:15:15 GMT" skipped="0">
  <testcase classname="training.parameters_suitelevel" name="mul" time="0.006"/>
</testsuite> <!-- training.parameters_suitelevel -->
