<?xml version="1.0" encoding="UTF-8"?>
<!-- Generated by org.testng.reporters.JUnitReportReporter -->
<testsuite hostname="DESKTOP-K8HJ363" failures="0" tests="1" name="training.dataprovider_using_propertyfile" time="0.022" errors="0" timestamp="09 Jun 2021 11:23:30 GMT" skipped="0">
  <testcase classname="training.dataprovider_using_propertyfile" name="employee" time="0.022"/>
</testsuite> <!-- training.dataprovider_using_propertyfile -->
