<?xml version="1.0" encoding="UTF-8"?>
<!-- Generated by org.testng.reporters.JUnitReportReporter -->
<testsuite hostname="DESKTOP-K8HJ363" failures="0" tests="1" name="training.Exclude_incllude" time="0.108" errors="0" timestamp="14 Jun 2021 11:34:21 GMT" skipped="0">
  <testcase classname="training.Exclude_incllude" name="test2" time="0.108"/>
</testsuite> <!-- training.Exclude_incllude -->
