<?xml version="1.0" encoding="UTF-8"?>
<!-- Generated by org.testng.reporters.JUnitReportReporter -->
<testsuite hostname="DESKTOP-K8HJ363" failures="0" tests="2" name="training.parameter_prefrence" time="0.026" errors="0" timestamp="25 Sep 2021 08:16:30 GMT" skipped="0">
  <testcase classname="training.parameter_prefrence" name="Sum" time="0.025"/>
  <testcase classname="training.parameter_prefrence" name="Diff" time="0.001"/>
</testsuite> <!-- training.parameter_prefrence -->
