<?xml version="1.0" encoding="UTF-8"?>
<!-- Generated by org.testng.reporters.JUnitReportReporter -->
<testsuite hostname="DESKTOP-K8HJ363" failures="0" tests="2" name="training.parallel" time="0.181" errors="0" timestamp="23 Apr 2021 08:14:47 GMT" skipped="0">
  <testcase classname="training.parallel" name="test1" time="0.090"/>
  <testcase classname="training.parallel" name="test2" time="0.091"/>
</testsuite> <!-- training.parallel -->
